{"uuid":"94863a70-90d4-47df-82a2-6de966a078a9","historyId":"7974ecf22ca16c642dc35efcd73ae1bc","fullName":"tests.authpagetests.PositiveAuthTests.positiveAuthTest","labels":[{"name":"package","value":"tests.authpagetests.PositiveAuthTests"},{"name":"testClass","value":"tests.authpagetests.PositiveAuthTests"},{"name":"testMethod","value":"positiveAuthTest"},{"name":"parentSuite","value":"PositiveAuthTestsSuite"},{"name":"suite","value":"PositiveLogInTestChrome"},{"name":"subSuite","value":"tests.authpagetests.PositiveAuthTests"},{"name":"host","value":"DESKTOP-RU9Q4DK"},{"name":"thread","value":"6860@DESKTOP-RU9Q4DK.main(1)"},{"name":"framework","value":"testng"},{"name":"language","value":"java"}],"links":[],"name":"positiveAuthTest","status":"failed","statusDetails":{"known":false,"muted":false,"flaky":false,"message":"Ошибка авторизации: Неверный логин или пароль\nЗАКРЫТЬ","trace":"java.lang.AssertionError: Ошибка авторизации: Неверный логин или пароль\nЗАКРЫТЬ\r\n\tat org.testng.Assert.fail(Assert.java:97)\r\n\tat tests.authpagetests.PositiveAuthTests.checkForErrorMessageOnAuthPage(PositiveAuthTests.java:99)\r\n\tat tests.authpagetests.PositiveAuthTests.positiveAuthTest(PositiveAuthTests.java:38)\r\n\tat sun.reflect.NativeMethodAccessorImpl.invoke0(Native Method)\r\n\tat sun.reflect.NativeMethodAccessorImpl.invoke(NativeMethodAccessorImpl.java:62)\r\n\tat sun.reflect.DelegatingMethodAccessorImpl.invoke(DelegatingMethodAccessorImpl.java:43)\r\n\tat java.lang.reflect.Method.invoke(Method.java:498)\r\n\tat org.testng.internal.MethodInvocationHelper.invokeMethod(MethodInvocationHelper.java:133)\r\n\tat org.testng.internal.TestInvoker.invokeMethod(TestInvoker.java:584)\r\n\tat org.testng.internal.TestInvoker.invokeTestMethod(TestInvoker.java:172)\r\n\tat org.testng.internal.MethodRunner.runInSequence(MethodRunner.java:46)\r\n\tat org.testng.internal.TestInvoker$MethodInvocationAgent.invoke(TestInvoker.java:804)\r\n\tat org.testng.internal.TestInvoker.invokeTestMethods(TestInvoker.java:145)\r\n\tat org.testng.internal.TestMethodWorker.invokeTestMethods(TestMethodWorker.java:146)\r\n\tat org.testng.internal.TestMethodWorker.run(TestMethodWorker.java:128)\r\n\tat java.util.ArrayList.forEach(ArrayList.java:1259)\r\n\tat org.testng.TestRunner.privateRun(TestRunner.java:770)\r\n\tat org.testng.TestRunner.run(TestRunner.java:591)\r\n\tat org.testng.SuiteRunner.runTest(SuiteRunner.java:402)\r\n\tat org.testng.SuiteRunner.runSequentially(SuiteRunner.java:396)\r\n\tat org.testng.SuiteRunner.privateRun(SuiteRunner.java:355)\r\n\tat org.testng.SuiteRunner.run(SuiteRunner.java:304)\r\n\tat org.testng.SuiteRunnerWorker.runSuite(SuiteRunnerWorker.java:53)\r\n\tat org.testng.SuiteRunnerWorker.run(SuiteRunnerWorker.java:96)\r\n\tat org.testng.TestNG.runSuitesSequentially(TestNG.java:1180)\r\n\tat org.testng.TestNG.runSuitesLocally(TestNG.java:1102)\r\n\tat org.testng.TestNG.runSuites(TestNG.java:1032)\r\n\tat org.testng.TestNG.run(TestNG.java:1000)\r\n\tat com.intellij.rt.testng.IDEARemoteTestNG.run(IDEARemoteTestNG.java:66)\r\n\tat com.intellij.rt.testng.RemoteTestNGStarter.main(RemoteTestNGStarter.java:105)\r\n"},"stage":"finished","description":"Тест подключенных уведомлений по-умолчанию","steps":[{"name":"Внесение валидных данных логин и пароль","status":"passed","stage":"finished","steps":[],"attachments":[],"parameters":[],"start":1695669110299,"stop":1695669110645},{"name":"Переход в кабинет доктора по кнопке логин","status":"passed","stage":"finished","steps":[],"attachments":[],"parameters":[],"start":1695669110646,"stop":1695669111478},{"name":"Проверка сообщения об ошибке на странице AuthPageObject","status":"failed","statusDetails":{"known":false,"muted":false,"flaky":false,"message":"Ошибка авторизации: Неверный логин или пароль\nЗАКРЫТЬ","trace":"java.lang.AssertionError: Ошибка авторизации: Неверный логин или пароль\nЗАКРЫТЬ\r\n\tat org.testng.Assert.fail(Assert.java:97)\r\n\tat tests.authpagetests.PositiveAuthTests.checkForErrorMessageOnAuthPage(PositiveAuthTests.java:99)\r\n\tat tests.authpagetests.PositiveAuthTests.positiveAuthTest(PositiveAuthTests.java:38)\r\n\tat sun.reflect.NativeMethodAccessorImpl.invoke0(Native Method)\r\n\tat sun.reflect.NativeMethodAccessorImpl.invoke(NativeMethodAccessorImpl.java:62)\r\n\tat sun.reflect.DelegatingMethodAccessorImpl.invoke(DelegatingMethodAccessorImpl.java:43)\r\n\tat java.lang.reflect.Method.invoke(Method.java:498)\r\n\tat org.testng.internal.MethodInvocationHelper.invokeMethod(MethodInvocationHelper.java:133)\r\n\tat org.testng.internal.TestInvoker.invokeMethod(TestInvoker.java:584)\r\n\tat org.testng.internal.TestInvoker.invokeTestMethod(TestInvoker.java:172)\r\n\tat org.testng.internal.MethodRunner.runInSequence(MethodRunner.java:46)\r\n\tat org.testng.internal.TestInvoker$MethodInvocationAgent.invoke(TestInvoker.java:804)\r\n\tat org.testng.internal.TestInvoker.invokeTestMethods(TestInvoker.java:145)\r\n\tat org.testng.internal.TestMethodWorker.invokeTestMethods(TestMethodWorker.java:146)\r\n\tat org.testng.internal.TestMethodWorker.run(TestMethodWorker.java:128)\r\n\tat java.util.ArrayList.forEach(ArrayList.java:1259)\r\n\tat org.testng.TestRunner.privateRun(TestRunner.java:770)\r\n\tat org.testng.TestRunner.run(TestRunner.java:591)\r\n\tat org.testng.SuiteRunner.runTest(SuiteRunner.java:402)\r\n\tat org.testng.SuiteRunner.runSequentially(SuiteRunner.java:396)\r\n\tat org.testng.SuiteRunner.privateRun(SuiteRunner.java:355)\r\n\tat org.testng.SuiteRunner.run(SuiteRunner.java:304)\r\n\tat org.testng.SuiteRunnerWorker.runSuite(SuiteRunnerWorker.java:53)\r\n\tat org.testng.SuiteRunnerWorker.run(SuiteRunnerWorker.java:96)\r\n\tat org.testng.TestNG.runSuitesSequentially(TestNG.java:1180)\r\n\tat org.testng.TestNG.runSuitesLocally(TestNG.java:1102)\r\n\tat org.testng.TestNG.runSuites(TestNG.java:1032)\r\n\tat org.testng.TestNG.run(TestNG.java:1000)\r\n\tat com.intellij.rt.testng.IDEARemoteTestNG.run(IDEARemoteTestNG.java:66)\r\n\tat com.intellij.rt.testng.RemoteTestNGStarter.main(RemoteTestNGStarter.java:105)\r\n"},"stage":"finished","steps":[],"attachments":[],"parameters":[],"start":1695669113485,"stop":1695669113566}],"attachments":[{"name":"Failure screenshot","source":"1ce59d28-47c2-4706-8c76-9223fbe1e620-attachment.png","type":"image/png"},{"name":"Browser logs","source":"88616f3d-7908-45b9-a267-c3b9a83e8904-attachment.txt","type":"text/plain"}],"parameters":[{"name":"browser","value":"chrome"}],"start":1695669109433,"stop":1695669114072}